# JRE version: Java(TM) SE Runtime Environment (8.0_181-b13) (build 1.8.0_181-b13)
# Java VM: Java HotSpot(TM) 64-Bit Server VM (25.181-b13 mixed mode windows-amd64 compressed oops)
Heap:
 PSYoungGen      total 201728K, used 89833K [0x00000000eb180000, 0x00000000f8880000, 0x0000000100000000)
  eden space 189440K, 47% used [0x00000000eb180000,0x00000000f093a608,0x00000000f6a80000)
  from space 12288K, 0% used [0x00000000f7c80000,0x00000000f7c80000,0x00000000f8880000)
  to   space 15360K, 0% used [0x00000000f6a80000,0x00000000f6a80000,0x00000000f7980000)
 ParOldGen       total 76288K, used 27246K [0x00000000c1400000, 0x00000000c5e80000, 0x00000000eb180000)
  object space 76288K, 35% used [0x00000000c1400000,0x00000000c2e9b850,0x00000000c5e80000)
 Metaspace       used 63484K, capacity 66636K, committed 66816K, reserved 1107968K
  class space    used 8652K, capacity 9194K, committed 9216K, reserved 1048576K
GC Heap History (10 events):
Event: 16.738 GC heap before
{Heap before GC invocations=11 (full 1):
 PSYoungGen      total 135168K, used 100470K [0x00000000eb180000, 0x00000000f5100000, 0x0000000100000000)
  eden space 128000K, 72% used [0x00000000eb180000,0x00000000f0ca25d0,0x00000000f2e80000)
  from space 7168K, 99% used [0x00000000f2e80000,0x00000000f357b398,0x00000000f3580000)
  to   space 10240K, 0% used [0x00000000f4700000,0x00000000f4700000,0x00000000f5100000)
 ParOldGen       total 31232K, used 9976K [0x00000000c1400000, 0x00000000c3280000, 0x00000000eb180000)
  object space 31232K, 31% used [0x00000000c1400000,0x00000000c1dbe040,0x00000000c3280000)
 Metaspace       used 33520K, capacity 35368K, committed 35416K, reserved 1081344K
  class space    used 4245K, capacity 4582K, committed 4608K, reserved 1048576K
Event: 16.764 GC heap after
Heap after GC invocations=11 (full 1):
 PSYoungGen      total 152064K, used 9663K [0x00000000eb180000, 0x00000000f6e00000, 0x0000000100000000)
  eden space 141824K, 0% used [0x00000000eb180000,0x00000000eb180000,0x00000000f3c00000)
  from space 10240K, 94% used [0x00000000f4700000,0x00000000f506fe08,0x00000000f5100000)
  to   space 11264K, 0% used [0x00000000f3c00000,0x00000000f3c00000,0x00000000f4700000)
 ParOldGen       total 31232K, used 11390K [0x00000000c1400000, 0x00000000c3280000, 0x00000000eb180000)
  object space 31232K, 36% used [0x00000000c1400000,0x00000000c1f1fb58,0x00000000c3280000)
 Metaspace       used 33520K, capacity 35368K, committed 35416K, reserved 1081344K
  class space    used 4245K, capacity 4582K, committed 4608K, reserved 1048576K
}
Event: 16.764 GC heap before
{Heap before GC invocations=12 (full 2):
 PSYoungGen      total 152064K, used 9663K [0x00000000eb180000, 0x00000000f6e00000, 0x0000000100000000)
  eden space 141824K, 0% used [0x00000000eb180000,0x00000000eb180000,0x00000000f3c00000)
  from space 10240K, 94% used [0x00000000f4700000,0x00000000f506fe08,0x00000000f5100000)
  to   space 11264K, 0% used [0x00000000f3c00000,0x00000000f3c00000,0x00000000f4700000)
 ParOldGen       total 31232K, used 11390K [0x00000000c1400000, 0x00000000c3280000, 0x00000000eb180000)
  object space 31232K, 36% used [0x00000000c1400000,0x00000000c1f1fb58,0x00000000c3280000)
 Metaspace       used 33520K, capacity 35368K, committed 35416K, reserved 1081344K
  class space    used 4245K, capacity 4582K, committed 4608K, reserved 1048576K
Event: 16.837 GC heap after
Heap after GC invocations=12 (full 2):
 PSYoungGen      total 152064K, used 0K [0x00000000eb180000, 0x00000000f6e00000, 0x0000000100000000)
  eden space 141824K, 0% used [0x00000000eb180000,0x00000000eb180000,0x00000000f3c00000)
  from space 10240K, 0% used [0x00000000f4700000,0x00000000f4700000,0x00000000f5100000)
  to   space 11264K, 0% used [0x00000000f3c00000,0x00000000f3c00000,0x00000000f4700000)
 ParOldGen       total 50688K, used 14975K [0x00000000c1400000, 0x00000000c4580000, 0x00000000eb180000)
  object space 50688K, 29% used [0x00000000c1400000,0x00000000c229fd28,0x00000000c4580000)
 Metaspace       used 33520K, capacity 35368K, committed 35416K, reserved 1081344K
  class space    used 4245K, capacity 4582K, committed 4608K, reserved 1048576K
}
Event: 23.416 GC heap before
{Heap before GC invocations=13 (full 2):
 PSYoungGen      total 152064K, used 141824K [0x00000000eb180000, 0x00000000f6e00000, 0x0000000100000000)
  eden space 141824K, 100% used [0x00000000eb180000,0x00000000f3c00000,0x00000000f3c00000)
  from space 10240K, 0% used [0x00000000f4700000,0x00000000f4700000,0x00000000f5100000)
  to   space 11264K, 0% used [0x00000000f3c00000,0x00000000f3c00000,0x00000000f4700000)
 ParOldGen       total 50688K, used 14975K [0x00000000c1400000, 0x00000000c4580000, 0x00000000eb180000)
  object space 50688K, 29% used [0x00000000c1400000,0x00000000c229fd28,0x00000000c4580000)
 Metaspace       used 49646K, capacity 52046K, committed 52352K, reserved 1095680K
  class space    used 6565K, capacity 6955K, committed 7040K, reserved 1048576K
Event: 23.446 GC heap after
Heap after GC invocations=13 (full 2):
 PSYoungGen      total 153088K, used 11237K [0x00000000eb180000, 0x00000000f8c00000, 0x0000000100000000)
  eden space 141824K, 0% used [0x00000000eb180000,0x00000000eb180000,0x00000000f3c00000)
  from space 11264K, 99% used [0x00000000f3c00000,0x00000000f46f95b0,0x00000000f4700000)
  to   space 15872K, 0% used [0x00000000f7c80000,0x00000000f7c80000,0x00000000f8c00000)
 ParOldGen       total 50688K, used 22200K [0x00000000c1400000, 0x00000000c4580000, 0x00000000eb180000)
  object space 50688K, 43% used [0x00000000c1400000,0x00000000c29ae2f0,0x00000000c4580000)
 Metaspace       used 49646K, capacity 52046K, committed 52352K, reserved 1095680K
  class space    used 6565K, capacity 6955K, committed 7040K, reserved 1048576K
}
Event: 28.932 GC heap before
{Heap before GC invocations=14 (full 2):
 PSYoungGen      total 153088K, used 80386K [0x00000000eb180000, 0x00000000f8c00000, 0x0000000100000000)
  eden space 141824K, 48% used [0x00000000eb180000,0x00000000ef5073e8,0x00000000f3c00000)
  from space 11264K, 99% used [0x00000000f3c00000,0x00000000f46f95b0,0x00000000f4700000)
  to   space 15872K, 0% used [0x00000000f7c80000,0x00000000f7c80000,0x00000000f8c00000)
 ParOldGen       total 50688K, used 22200K [0x00000000c1400000, 0x00000000c4580000, 0x00000000eb180000)
  object space 50688K, 43% used [0x00000000c1400000,0x00000000c29ae2f0,0x00000000c4580000)
 Metaspace       used 56347K, capacity 58778K, committed 59028K, reserved 1099776K
  class space    used 7676K, capacity 8113K, committed 8192K, reserved 1048576K
Event: 28.968 GC heap after
Heap after GC invocations=14 (full 2):
 PSYoungGen      total 201728K, used 8495K [0x00000000eb180000, 0x00000000f8880000, 0x0000000100000000)
  eden space 189440K, 0% used [0x00000000eb180000,0x00000000eb180000,0x00000000f6a80000)
  from space 12288K, 69% used [0x00000000f7c80000,0x00000000f84cbfd0,0x00000000f8880000)
  to   space 15360K, 0% used [0x00000000f6a80000,0x00000000f6a80000,0x00000000f7980000)
 ParOldGen       total 50688K, used 29898K [0x00000000c1400000, 0x00000000c4580000, 0x00000000eb180000)
  object space 50688K, 58% used [0x00000000c1400000,0x00000000c3132a68,0x00000000c4580000)
 Metaspace       used 56347K, capacity 58778K, committed 59028K, reserved 1099776K
  class space    used 7676K, capacity 8113K, committed 8192K, reserved 1048576K
}
Event: 28.968 GC heap before
{Heap before GC invocations=15 (full 3):
 PSYoungGen      total 201728K, used 8495K [0x00000000eb180000, 0x00000000f8880000, 0x0000000100000000)
  eden space 189440K, 0% used [0x00000000eb180000,0x00000000eb180000,0x00000000f6a80000)
  from space 12288K, 69% used [0x00000000f7c80000,0x00000000f84cbfd0,0x00000000f8880000)
  to   space 15360K, 0% used [0x00000000f6a80000,0x00000000f6a80000,0x00000000f7980000)
 ParOldGen       total 50688K, used 29898K [0x00000000c1400000, 0x00000000c4580000, 0x00000000eb180000)
  object space 50688K, 58% used [0x00000000c1400000,0x00000000c3132a68,0x00000000c4580000)
 Metaspace       used 56347K, capacity 58778K, committed 59028K, reserved 1099776K
  class space    used 7676K, capacity 8113K, committed 8192K, reserved 1048576K
Event: 29.176 GC heap after
Heap after GC invocations=15 (full 3):
 PSYoungGen      total 201728K, used 0K [0x00000000eb180000, 0x00000000f8880000, 0x0000000100000000)
  eden space 189440K, 0% used [0x00000000eb180000,0x00000000eb180000,0x00000000f6a80000)
  from space 12288K, 0% used [0x00000000f7c80000,0x00000000f7c80000,0x00000000f8880000)
  to   space 15360K, 0% used [0x00000000f6a80000,0x00000000f6a80000,0x00000000f7980000)
 ParOldGen       total 76288K, used 27246K [0x00000000c1400000, 0x00000000c5e80000, 0x00000000eb180000)
  object space 76288K, 35% used [0x00000000c1400000,0x00000000c2e9b850,0x00000000c5e80000)
 Metaspace       used 56347K, capacity 58778K, committed 59028K, reserved 1099776K
  class space    used 7676K, capacity 8113K, committed 8192K, reserved 1048576K
}

